#
# A fatal error has been detected by the Java Runtime Environment:
#
#  SIGSEGV (0xb) at pc=0x0000000109763a3e, pid=5544, tid=1811
#
# JRE version: Java(TM) SE Runtime Environment (8.0_25-b17) (build 1.8.0_25-b17)
# Java VM: Java HotSpot(TM) 64-Bit Server VM (25.25-b02 mixed mode bsd-amd64 compressed oops)
# Problematic frame:
# V  [libjvm.dylib+0x163a3e]  ThreadStateTransition::trans_from_native(JavaThreadState)+0xa
#
# Failed to write core dump. Core dumps have been disabled. To enable core dumping, try "ulimit -c unlimited" before starting Java again
#
# If you would like to submit a bug report, please visit:
#   http://bugreport.sun.com/bugreport/crash.jsp
#

---------------  T H R E A D  ---------------

Current thread is native thread

siginfo: si_signo: 11 (SIGSEGV), si_code: 1 (SEGV_MAPERR), si_addr: 0x0000000000000260

Registers:
RAX=0x0000000000000000, RBX=0x0000000000000000, RCX=0x00000001098f941a, RDX=0x00007faa918cf1e8
RSP=0x00007fff5783df70, RBP=0x00007fff5783df80, RSI=0x0000000000000006, RDI=0x00007fff5783dfc0
R8 =0x0000000000000320, R9 =0x0000000000000000, R10=0x00007faa9812f8b0, R11=0x0000000121670ea0
R12=0x00007faa918cf1e8, R13=0x00007faa914abe70, R14=0x00007faa918cf1e8, R15=0x0000000000000000
RIP=0x0000000109763a3e, EFLAGS=0x0000000000010246, ERR=0x0000000000000006
  TRAPNO=0x000000000000000e

Top of Stack: (sp=0x00007fff5783df70)
0x00007fff5783df70:   00007faa91647e58 00007faa918cf1e8
0x00007fff5783df80:   00007fff5783dfe0 00000001098f944a
0x00007fff5783df90:   00007fff7770d070 0000000000000000
0x00007fff5783dfa0:   00007faa92b8c600 00007faa914a9d40
0x00007fff5783dfb0:   00007fff5783dfe0 00000001281da769
0x00007fff5783dfc0:   0000000000000000 00007faa917ac3b0
0x00007fff5783dfd0:   00007faa92b8c600 00007faa914a9d40
0x00007fff5783dfe0:   00007fff5783e040 000000012813d0da
0x00007fff5783dff0:   00007fff7770d070 0000000000000000
0x00007fff5783e000:   40d56d9ef54e44cc 0000000000000004
0x00007fff5783e010:   00007fff5783e040 00007fff8c7f40c0
0x00007fff5783e020:   0000000000000000 00007faa914abe70
0x00007fff5783e030:   00007faa914a9d40 0000000000000004
0x00007fff5783e040:   00007fff5783e0b0 00007fff8730860f
0x00007fff5783e050:   00007fff5783e090 000000012979d040
0x00007fff5783e060:   0000000000000000 00007faa92b8c600
0x00007fff5783e070:   00007faa914a9d40 0000000000000000
0x00007fff5783e080:   40d56d9ef54e44cc 00007faa914a9d40
0x00007fff5783e090:   00007fff8c7f40c0 0000000000000018
0x00007fff5783e0a0:   0000000000000004 0000000000000000
0x00007fff5783e0b0:   00007fff5783e130 00007fff873081d9
0x00007fff5783e0c0:   0000000000000000 3ff0000000000000
0x00007fff5783e0d0:   4089000000000000 4082100000000000
0x00007fff5783e0e0:   0000000000000000 0000000000000000
0x00007fff5783e0f0:   4089000000000000 4082100000000000
0x00007fff5783e100:   00000001297a2f40 00007fff5783e210
0x00007fff5783e110:   00000001297a2fe8 00007fff8c3570a9
0x00007fff5783e120:   0000000000000001 00000001297a2f40
0x00007fff5783e130:   00007fff5783f210 00007fff872bb641
0x00007fff5783e140:   00007fff5783f210 00007fff872bb503
0x00007fff5783e150:   00007fff5783f210 00007fff872baf9a
0x00007fff5783e160:   00000001297a2fe8 00000001297a2fe8 

Instructions: (pc=0x0000000109763a3e)
0x0000000109763a1e:   0e 48 8b 0b 49 8b 56 18 48 63 c0 48 89 0c c2 5b
0x0000000109763a2e:   41 5e 5d c3 90 90 55 48 89 e5 41 56 53 48 8b 1f
0x0000000109763a3e:   c7 83 60 02 00 00 05 00 00 00 48 8d 05 e9 8e 73
0x0000000109763a4e:   00 8b 00 83 f8 01 41 89 f6 7f 0c 48 8d 0d 06 0b 

Register to memory mapping:

RAX=0x0000000000000000 is an unknown value
RBX=0x0000000000000000 is an unknown value
RCX=0x00000001098f941a: jni_NewLocalRef+0 in /Library/Java/JavaVirtualMachines/jdk1.8.0_25.jdk/Contents/Home/jre/lib/server/libjvm.dylib at 0x0000000109600000
RDX=0x00007faa918cf1e8 is an unknown value
RSP=0x00007fff5783df70 is an unknown value
RBP=0x00007fff5783df80 is an unknown value
RSI=0x0000000000000006 is an unknown value
RDI=0x00007fff5783dfc0 is an unknown value
R8 =0x0000000000000320 is an unknown value
R9 =0x0000000000000000 is an unknown value
R10=0x00007faa9812f8b0 is an unknown value
R11=0x0000000121670ea0: OBJC_CLASS_$_JNFJObjectWrapper+0 in /System/Library/Frameworks/JavaVM.framework/Versions/A/Frameworks/JavaNativeFoundation.framework/Versions/A/JavaNativeFoundation at 0x0000000121666000
R12=0x00007faa918cf1e8 is an unknown value
R13=0x00007faa914abe70 is an unknown value
R14=0x00007faa918cf1e8 is an unknown value
R15=0x0000000000000000 is an unknown value


Stack: [0x00007fff57042000,0x00007fff57842000],  sp=0x00007fff5783df70,  free space=8175k
Native frames: (J=compiled Java code, j=interpreted, Vv=VM code, C=native code)
V  [libjvm.dylib+0x163a3e]  ThreadStateTransition::trans_from_native(JavaThreadState)+0xa
V  [libjvm.dylib+0x2f944a]  jni_NewLocalRef+0x30
C  [libawt_lwawt.dylib+0x1a0da]  -[CGLLayer drawInCGLContext:pixelFormat:forLayerTime:displayTime:]+0xee
C  [QuartzCore+0x6160f]  CAOpenGLLayerDraw(CAOpenGLLayer*, double, CVTimeStamp const*, unsigned int)+0x2b6
C  [QuartzCore+0x611d9]  -[CAOpenGLLayer _display]+0x183
C  [QuartzCore+0x14641]  CA::Layer::display_if_needed(CA::Transaction*)+0x25b
C  [QuartzCore+0x13d7d]  CA::Layer::layout_and_display_if_needed(CA::Transaction*)+0x23
C  [QuartzCore+0x1350e]  CA::Context::commit_transaction(CA::Transaction*)+0xf2
C  [QuartzCore+0x13164]  CA::Transaction::commit()+0x186
C  [QuartzCore+0x23f55]  CA::Transaction::observer_callback(__CFRunLoopObserver*, unsigned long, void*)+0x47
C  [CoreFoundation+0x7fd87]  __CFRUNLOOP_IS_CALLING_OUT_TO_AN_OBSERVER_CALLBACK_FUNCTION__+0x17
C  [CoreFoundation+0x7fce0]  __CFRunLoopDoObservers+0x170
C  [CoreFoundation+0x71f1a]  __CFRunLoopRun+0x49a
C  [CoreFoundation+0x71838]  CFRunLoopRunSpecific+0x128
C  [java+0x56cc]  CreateExecutionEnvironment+0x367
C  [java+0x165c]  JLI_Launch+0x7a0
C  [java+0x768a]  main+0x65
C  [java+0xeb4]  start+0x34


---------------  P R O C E S S  ---------------

VM state:not at safepoint (normal execution)

VM Mutex/Monitor currently owned by a thread: None

Heap:
 PSYoungGen      total 38400K, used 18453K [0x0000000795580000, 0x0000000798000000, 0x00000007c0000000)
  eden space 33280K, 40% used [0x0000000795580000,0x000000079628cd48,0x0000000797600000)
  from space 5120K, 99% used [0x0000000797600000,0x0000000797af8ab0,0x0000000797b00000)
  to   space 5120K, 0% used [0x0000000797b00000,0x0000000797b00000,0x0000000798000000)
 ParOldGen       total 87552K, used 843K [0x0000000740000000, 0x0000000745580000, 0x0000000795580000)
  object space 87552K, 0% used [0x0000000740000000,0x00000007400d2d18,0x0000000745580000)
 Metaspace       used 20221K, capacity 20982K, committed 21120K, reserved 1067008K
  class space    used 2914K, capacity 3084K, committed 3200K, reserved 1048576K

Card table byte_map: [0x0000000119910000,0x0000000119d11000] byte_map_base: 0x0000000115f10000

Marking Bits: (ParMarkBitMap*) 0x0000000109e9d390
 Begin Bits: [0x000000011a7d4000, 0x000000011c7d4000)
 End Bits:   [0x000000011c7d4000, 0x000000011e7d4000)

Polling page: 0x00000001085e4000

CodeCache: size=245760Kb used=4701Kb max_used=4703Kb free=241058Kb
 bounds [0x000000010a550000, 0x000000010a9f0000, 0x0000000119550000]
 total_blobs=2079 nmethods=1323 adapters=670
 compilation: enabled

Compilation events (10 events):
Event: 2.636 Thread 0x00007faa91828800 nmethod 1320 0x000000010a9e6b10 code [0x000000010a9e6c80, 0x000000010a9e6f08]
Event: 2.637 Thread 0x00007faa91828000 nmethod 1318 0x000000010a9e9cd0 code [0x000000010a9e9e20, 0x000000010a9e9f48]
Event: 2.642 Thread 0x00007faa91828800 1321       3       java.security.AccessControlContext::combine (205 bytes)
Event: 2.643 Thread 0x00007faa91828800 nmethod 1321 0x000000010a9e8bd0 code [0x000000010a9e8dc0, 0x000000010a9e98b8]
Event: 2.648 Thread 0x00007faa91828800 1322  s    3       java.awt.Toolkit::getDefaultToolkit (24 bytes)
Event: 2.649 Thread 0x00007faa91828800 nmethod 1322 0x000000010a9e8450 code [0x000000010a9e85e0, 0x000000010a9e8a58]
Event: 2.649 Thread 0x00007faa91828800 1323       3       javax.swing.SwingUtilities::computeIntersection (189 bytes)
Event: 2.649 Thread 0x00007faa91828800 nmethod 1323 0x000000010a9e7ed0 code [0x000000010a9e8040, 0x000000010a9e8390]
Event: 2.649 Thread 0x00007faa91828800 1324       3       java.util.IdentityHashMap::get (60 bytes)
Event: 2.650 Thread 0x00007faa91828800 nmethod 1324 0x000000010a9e7650 code [0x000000010a9e7800, 0x000000010a9e7ca8]

GC Heap History (2 events):
Event: 1.543 GC heap before
{Heap before GC invocations=1 (full 0):
 PSYoungGen      total 38400K, used 33280K [0x0000000795580000, 0x0000000798000000, 0x00000007c0000000)
  eden space 33280K, 100% used [0x0000000795580000,0x0000000797600000,0x0000000797600000)
  from space 5120K, 0% used [0x0000000797b00000,0x0000000797b00000,0x0000000798000000)
  to   space 5120K, 0% used [0x0000000797600000,0x0000000797600000,0x0000000797b00000)
 ParOldGen       total 87552K, used 0K [0x0000000740000000, 0x0000000745580000, 0x0000000795580000)
  object space 87552K, 0% used [0x0000000740000000,0x0000000740000000,0x0000000745580000)
 Metaspace       used 16731K, capacity 17108K, committed 17280K, reserved 1064960K
  class space    used 2273K, capacity 2391K, committed 2432K, reserved 1048576K
Event: 1.550 GC heap after
Heap after GC invocations=1 (full 0):
 PSYoungGen      total 38400K, used 5090K [0x0000000795580000, 0x0000000798000000, 0x00000007c0000000)
  eden space 33280K, 0% used [0x0000000795580000,0x0000000795580000,0x0000000797600000)
  from space 5120K, 99% used [0x0000000797600000,0x0000000797af8ab0,0x0000000797b00000)
  to   space 5120K, 0% used [0x0000000797b00000,0x0000000797b00000,0x0000000798000000)
 ParOldGen       total 87552K, used 843K [0x0000000740000000, 0x0000000745580000, 0x0000000795580000)
  object space 87552K, 0% used [0x0000000740000000,0x00000007400d2d18,0x0000000745580000)
 Metaspace       used 16731K, capacity 17108K, committed 17280K, reserved 1064960K
  class space    used 2273K, capacity 2391K, committed 2432K, reserved 1048576K
}

Deoptimization events (10 events):
Event: 1.410 Thread 0x00007faa918cf000 Uncommon trap: reason=unreached action=reinterpret pc=0x000000010a83edec method=java.util.HashMap.putVal(ILjava/lang/Object;Ljava/lang/Object;ZZ)Ljava/lang/Object; @ 109
Event: 1.410 Thread 0x00007faa918cf000 Uncommon trap: reason=unreached action=reinterpret pc=0x000000010a85ecb4 method=java.util.HashMap.putVal(ILjava/lang/Object;Ljava/lang/Object;ZZ)Ljava/lang/Object; @ 109
Event: 1.594 Thread 0x00007faa918cf000 Uncommon trap: reason=class_check action=maybe_recompile pc=0x000000010a868a10 method=java.io.DataInputStream.readShort()S @ 4
Event: 1.594 Thread 0x00007faa918cf000 Uncommon trap: reason=class_check action=maybe_recompile pc=0x000000010a868a10 method=java.io.DataInputStream.readShort()S @ 4
Event: 1.595 Thread 0x00007faa918cf000 Uncommon trap: reason=class_check action=maybe_recompile pc=0x000000010a868a10 method=java.io.DataInputStream.readShort()S @ 4
Event: 1.595 Thread 0x00007faa918cf000 Uncommon trap: reason=class_check action=maybe_recompile pc=0x000000010a868a10 method=java.io.DataInputStream.readShort()S @ 4
Event: 1.602 Thread 0x00007faa918cf000 Uncommon trap: reason=class_check action=maybe_recompile pc=0x000000010a676f1c method=java.lang.String.equals(Ljava/lang/Object;)Z @ 8
Event: 1.602 Thread 0x00007faa918cf000 Uncommon trap: reason=class_check action=maybe_recompile pc=0x000000010a676f1c method=java.lang.String.equals(Ljava/lang/Object;)Z @ 8
Event: 1.602 Thread 0x00007faa918cf000 Uncommon trap: reason=class_check action=maybe_recompile pc=0x000000010a676f1c method=java.lang.String.equals(Ljava/lang/Object;)Z @ 8
Event: 1.602 Thread 0x00007faa918cf000 Uncommon trap: reason=class_check action=maybe_recompile pc=0x000000010a676f1c method=java.lang.String.equals(Ljava/lang/Object;)Z @ 8

Internal exceptions (10 events):
Event: 1.445 Thread 0x00007faa918cf000 Exception <a 'java/security/PrivilegedActionException'> (0x00000007971404c8) thrown at [/HUDSON3/workspace/8-2-build-macosx-x86_64/jdk8u25/1514/hotspot/src/share/vm/prims/jvm.cpp, line 1312]
Event: 1.450 Thread 0x00007faa918cf000 Exception <a 'java/security/PrivilegedActionException'> (0x0000000797160f10) thrown at [/HUDSON3/workspace/8-2-build-macosx-x86_64/jdk8u25/1514/hotspot/src/share/vm/prims/jvm.cpp, line 1312]
Event: 1.451 Thread 0x00007faa918cf000 Exception <a 'java/security/PrivilegedActionException'> (0x0000000797166ac0) thrown at [/HUDSON3/workspace/8-2-build-macosx-x86_64/jdk8u25/1514/hotspot/src/share/vm/prims/jvm.cpp, line 1312]
Event: 1.543 Thread 0x00007faa918cf000 Exception <a 'java/security/PrivilegedActionException'> (0x00000007975f8170) thrown at [/HUDSON3/workspace/8-2-build-macosx-x86_64/jdk8u25/1514/hotspot/src/share/vm/prims/jvm.cpp, line 1312]
Event: 1.551 Thread 0x00007faa918cf000 Exception <a 'java/security/PrivilegedActionException'> (0x00000007955e0800) thrown at [/HUDSON3/workspace/8-2-build-macosx-x86_64/jdk8u25/1514/hotspot/src/share/vm/prims/jvm.cpp, line 1312]
Event: 1.552 Thread 0x00007faa918cf000 Exception <a 'java/security/PrivilegedActionException'> (0x0000000795600240) thrown at [/HUDSON3/workspace/8-2-build-macosx-x86_64/jdk8u25/1514/hotspot/src/share/vm/prims/jvm.cpp, line 1312]
Event: 1.553 Thread 0x00007faa91825800 Exception <a 'java/lang/NullPointerException'> (0x0000000795702698) thrown at [/HUDSON3/workspace/8-2-build-macosx-x86_64/jdk8u25/1514/hotspot/src/share/vm/interpreter/linkResolver.cpp, line 1178]
Event: 1.708 Thread 0x00007faa918cf000 Exception <a 'java/security/PrivilegedActionException'> (0x0000000795cb6710) thrown at [/HUDSON3/workspace/8-2-build-macosx-x86_64/jdk8u25/1514/hotspot/src/share/vm/prims/jvm.cpp, line 1312]
Event: 1.709 Thread 0x00007faa918cf000 Exception <a 'java/security/PrivilegedActionException'> (0x0000000795ccc950) thrown at [/HUDSON3/workspace/8-2-build-macosx-x86_64/jdk8u25/1514/hotspot/src/share/vm/prims/jvm.cpp, line 1312]
Event: 1.711 Thread 0x00007faa918cf000 Exception <a 'java/security/PrivilegedActionException'> (0x0000000795ce7058) thrown at [/HUDSON3/workspace/8-2-build-macosx-x86_64/jdk8u25/1514/hotspot/src/share/vm/prims/jvm.cpp, line 1312]

Events (10 events):
Event: 2.635 loading class javafx/application/Application done
Event: 2.641 loading class com/sun/javafx/tk/quantum/QuantumRenderer
Event: 2.641 loading class com/sun/javafx/tk/quantum/QuantumRenderer done
Event: 2.642 loading class com/sun/javafx/tk/quantum/QuantumToolkit
Event: 2.642 loading class com/sun/javafx/tk/quantum/QuantumToolkit done
Event: 2.642 Thread 0x00007faa930c8800 Thread exited: 0x00007faa930c8800
Event: 2.642 Thread 0x00007faa918f2000 Thread exited: 0x00007faa918f2000
Event: 2.642 Thread 0x00007faa91810800 Thread exited: 0x00007faa91810800
Event: 2.642 Thread 0x00007faa91810800 Thread added: 0x00007faa91810800
Event: 2.642 Thread 0x00007faa918cf000 Thread exited: 0x00007faa918cf000


Dynamic libraries:
0x0000000006c8c000 	/System/Library/Frameworks/Cocoa.framework/Versions/A/Cocoa
0x0000000006c8c000 	/System/Library/Frameworks/Security.framework/Versions/A/Security
0x0000000006c8c000 	/System/Library/Frameworks/ApplicationServices.framework/Versions/A/ApplicationServices
0x0000000006c8c000 	/usr/lib/libz.1.dylib
0x0000000006c8c000 	/usr/lib/libSystem.B.dylib
0x0000000006c8c000 	/usr/lib/libobjc.A.dylib
0x0000000006c8c000 	/System/Library/Frameworks/CoreFoundation.framework/Versions/A/CoreFoundation
0x0000000006c8c000 	/System/Library/Frameworks/Foundation.framework/Versions/C/Foundation
0x0000000006c8c000 	/System/Library/Frameworks/AppKit.framework/Versions/C/AppKit
0x0000000006c8c000 	/System/Library/Frameworks/CoreData.framework/Versions/A/CoreData
0x0000000006c8c000 	/System/Library/PrivateFrameworks/RemoteViewServices.framework/Versions/A/RemoteViewServices
0x0000000006c8c000 	/System/Library/PrivateFrameworks/UIFoundation.framework/Versions/A/UIFoundation
0x0000000006c8c000 	/System/Library/Frameworks/IOSurface.framework/Versions/A/IOSurface
0x0000000006c8c000 	/System/Library/Frameworks/AudioToolbox.framework/Versions/A/AudioToolbox
0x0000000006c8c000 	/System/Library/Frameworks/AudioUnit.framework/Versions/A/AudioUnit
0x0000000006c8c000 	/System/Library/PrivateFrameworks/DataDetectorsCore.framework/Versions/A/DataDetectorsCore
0x0000000006c8c000 	/System/Library/PrivateFrameworks/DesktopServicesPriv.framework/Versions/A/DesktopServicesPriv
0x0000000006c8c000 	/System/Library/Frameworks/Carbon.framework/Versions/A/Frameworks/HIToolbox.framework/Versions/A/HIToolbox
0x0000000006c8c000 	/System/Library/Frameworks/QuartzCore.framework/Versions/A/QuartzCore
0x0000000006c8c000 	/System/Library/Frameworks/Carbon.framework/Versions/A/Frameworks/SpeechRecognition.framework/Versions/A/SpeechRecognition
0x0000000006c8c000 	/usr/lib/libauto.dylib
0x0000000006c8c000 	/usr/lib/libicucore.A.dylib
0x0000000006c8c000 	/usr/lib/libxml2.2.dylib
0x0000000006c8c000 	/System/Library/PrivateFrameworks/CoreUI.framework/Versions/A/CoreUI
0x0000000006c8c000 	/System/Library/Frameworks/CoreAudio.framework/Versions/A/CoreAudio
0x0000000006c8c000 	/System/Library/Frameworks/DiskArbitration.framework/Versions/A/DiskArbitration
0x0000000006c8c000 	/usr/lib/liblangid.dylib
0x0000000006c8c000 	/System/Library/PrivateFrameworks/MultitouchSupport.framework/Versions/A/MultitouchSupport
0x0000000006c8c000 	/System/Library/Frameworks/IOKit.framework/Versions/A/IOKit
0x0000000006c8c000 	/usr/lib/libDiagnosticMessagesClient.dylib
0x0000000006c8c000 	/System/Library/Frameworks/CoreServices.framework/Versions/A/CoreServices
0x0000000006c8c000 	/System/Library/PrivateFrameworks/PerformanceAnalysis.framework/Versions/A/PerformanceAnalysis
0x0000000006c8c000 	/System/Library/PrivateFrameworks/GenerationalStorage.framework/Versions/A/GenerationalStorage
0x0000000006c8c000 	/System/Library/Frameworks/OpenGL.framework/Versions/A/OpenGL
0x0000000006c8c000 	/System/Library/PrivateFrameworks/Sharing.framework/Versions/A/Sharing
0x0000000006c8c000 	/System/Library/Frameworks/CoreGraphics.framework/Versions/A/CoreGraphics
0x0000000006c8c000 	/System/Library/Frameworks/CoreText.framework/Versions/A/CoreText
0x0000000006c8c000 	/System/Library/Frameworks/ImageIO.framework/Versions/A/ImageIO
0x0000000006c8c000 	/usr/lib/libextension.dylib
0x0000000006c8c000 	/System/Library/PrivateFrameworks/Backup.framework/Versions/A/Backup
0x0000000006c8c000 	/usr/lib/libarchive.2.dylib
0x0000000006c8c000 	/System/Library/Frameworks/CFNetwork.framework/Versions/A/CFNetwork
0x0000000006c8c000 	/System/Library/Frameworks/SystemConfiguration.framework/Versions/A/SystemConfiguration
0x0000000006c8c000 	/usr/lib/libCRFSuite.dylib
0x0000000006c8c000 	/usr/lib/libc++.1.dylib
0x0000000006c8c000 	/usr/lib/libc++abi.dylib
0x0000000006c8c000 	/usr/lib/system/libcache.dylib
0x0000000006c8c000 	/usr/lib/system/libcommonCrypto.dylib
0x0000000006c8c000 	/usr/lib/system/libcompiler_rt.dylib
0x0000000006c8c000 	/usr/lib/system/libcopyfile.dylib
0x0000000006c8c000 	/usr/lib/system/libcorecrypto.dylib
0x0000000006c8c000 	/usr/lib/system/libdispatch.dylib
0x0000000006c8c000 	/usr/lib/system/libdyld.dylib
0x0000000006c8c000 	/usr/lib/system/libkeymgr.dylib
0x0000000006c8c000 	/usr/lib/system/liblaunch.dylib
0x0000000006c8c000 	/usr/lib/system/libmacho.dylib
0x0000000006c8c000 	/usr/lib/system/libquarantine.dylib
0x0000000006c8c000 	/usr/lib/system/libremovefile.dylib
0x0000000006c8c000 	/usr/lib/system/libsystem_asl.dylib
0x0000000006c8c000 	/usr/lib/system/libsystem_blocks.dylib
0x0000000006c8c000 	/usr/lib/system/libsystem_c.dylib
0x0000000006c8c000 	/usr/lib/system/libsystem_configuration.dylib
0x0000000006c8c000 	/usr/lib/system/libsystem_coreservices.dylib
0x0000000006c8c000 	/usr/lib/system/libsystem_coretls.dylib
0x0000000006c8c000 	/usr/lib/system/libsystem_dnssd.dylib
0x0000000006c8c000 	/usr/lib/system/libsystem_info.dylib
0x0000000006c8c000 	/usr/lib/system/libsystem_kernel.dylib
0x0000000006c8c000 	/usr/lib/system/libsystem_m.dylib
0x0000000006c8c000 	/usr/lib/system/libsystem_malloc.dylib
0x0000000006c8c000 	/usr/lib/system/libsystem_network.dylib
0x0000000006c8c000 	/usr/lib/system/libsystem_networkextension.dylib
0x0000000006c8c000 	/usr/lib/system/libsystem_notify.dylib
0x0000000006c8c000 	/usr/lib/system/libsystem_platform.dylib
0x0000000006c8c000 	/usr/lib/system/libsystem_pthread.dylib
0x0000000006c8c000 	/usr/lib/system/libsystem_sandbox.dylib
0x0000000006c8c000 	/usr/lib/system/libsystem_secinit.dylib
0x0000000006c8c000 	/usr/lib/system/libsystem_stats.dylib
0x0000000006c8c000 	/usr/lib/system/libsystem_trace.dylib
0x0000000006c8c000 	/usr/lib/system/libunc.dylib
0x0000000006c8c000 	/usr/lib/system/libunwind.dylib
0x0000000006c8c000 	/usr/lib/system/libxpc.dylib
0x0000000006c8c000 	/usr/lib/libbz2.1.0.dylib
0x0000000006c8c000 	/usr/lib/liblzma.5.dylib
0x0000000006c8c000 	/usr/lib/libbsm.0.dylib
0x0000000006c8c000 	/usr/lib/libsqlite3.dylib
0x0000000006c8c000 	/usr/lib/system/libkxld.dylib
0x0000000006c8c000 	/usr/lib/libxar.1.dylib
0x0000000006c8c000 	/usr/lib/libpam.2.dylib
0x0000000006c8c000 	/usr/lib/libOpenScriptingUtil.dylib
0x0000000006c8c000 	/System/Library/Frameworks/CoreServices.framework/Versions/A/Frameworks/FSEvents.framework/Versions/A/FSEvents
0x0000000006c8c000 	/System/Library/Frameworks/CoreServices.framework/Versions/A/Frameworks/CarbonCore.framework/Versions/A/CarbonCore
0x0000000006c8c000 	/System/Library/Frameworks/CoreServices.framework/Versions/A/Frameworks/Metadata.framework/Versions/A/Metadata
0x0000000006c8c000 	/System/Library/Frameworks/CoreServices.framework/Versions/A/Frameworks/OSServices.framework/Versions/A/OSServices
0x0000000006c8c000 	/System/Library/Frameworks/CoreServices.framework/Versions/A/Frameworks/SearchKit.framework/Versions/A/SearchKit
0x0000000006c8c000 	/System/Library/Frameworks/CoreServices.framework/Versions/A/Frameworks/AE.framework/Versions/A/AE
0x0000000006c8c000 	/System/Library/Frameworks/CoreServices.framework/Versions/A/Frameworks/LaunchServices.framework/Versions/A/LaunchServices
0x0000000006c8c000 	/System/Library/Frameworks/CoreServices.framework/Versions/A/Frameworks/DictionaryServices.framework/Versions/A/DictionaryServices
0x0000000006c8c000 	/System/Library/Frameworks/NetFS.framework/Versions/A/NetFS
0x0000000006c8c000 	/System/Library/PrivateFrameworks/NetAuth.framework/Versions/A/NetAuth
0x0000000006c8c000 	/System/Library/PrivateFrameworks/login.framework/Versions/A/Frameworks/loginsupport.framework/Versions/A/loginsupport
0x0000000006c8c000 	/System/Library/PrivateFrameworks/TCC.framework/Versions/A/TCC
0x0000000006c8c000 	/usr/lib/libmecabra.dylib
0x0000000006c8c000 	/System/Library/PrivateFrameworks/LanguageModeling.framework/Versions/A/LanguageModeling
0x0000000006c8c000 	/usr/lib/libcmph.dylib
0x0000000006c8c000 	/usr/lib/libiconv.2.dylib
0x0000000006c8c000 	/System/Library/Frameworks/OpenDirectory.framework/Versions/A/Frameworks/CFOpenDirectory.framework/Versions/A/CFOpenDirectory
0x0000000006c8c000 	/System/Library/Frameworks/ServiceManagement.framework/Versions/A/ServiceManagement
0x0000000006c8c000 	/usr/lib/libxslt.1.dylib
0x0000000006c8c000 	/System/Library/Frameworks/Carbon.framework/Versions/A/Frameworks/Ink.framework/Versions/A/Ink
0x0000000006c8c000 	/System/Library/Frameworks/ApplicationServices.framework/Versions/A/Frameworks/ATS.framework/Versions/A/ATS
0x0000000006c8c000 	/System/Library/Frameworks/ApplicationServices.framework/Versions/A/Frameworks/ColorSync.framework/Versions/A/ColorSync
0x0000000006c8c000 	/System/Library/Frameworks/ApplicationServices.framework/Versions/A/Frameworks/HIServices.framework/Versions/A/HIServices
0x0000000006c8c000 	/System/Library/Frameworks/ApplicationServices.framework/Versions/A/Frameworks/LangAnalysis.framework/Versions/A/LangAnalysis
0x0000000006c8c000 	/System/Library/Frameworks/ApplicationServices.framework/Versions/A/Frameworks/PrintCore.framework/Versions/A/PrintCore
0x0000000006c8c000 	/System/Library/Frameworks/ApplicationServices.framework/Versions/A/Frameworks/QD.framework/Versions/A/QD
0x0000000006c8c000 	/System/Library/Frameworks/ApplicationServices.framework/Versions/A/Frameworks/SpeechSynthesis.framework/Versions/A/SpeechSynthesis
0x0000000006c8c000 	/System/Library/Frameworks/Accelerate.framework/Versions/A/Accelerate
0x0000000006c8c000 	/System/Library/Frameworks/Accelerate.framework/Versions/A/Frameworks/vImage.framework/Versions/A/vImage
0x0000000006c8c000 	/System/Library/Frameworks/Accelerate.framework/Versions/A/Frameworks/vecLib.framework/Versions/A/vecLib
0x0000000006c8c000 	/System/Library/Frameworks/Accelerate.framework/Versions/A/Frameworks/vecLib.framework/Versions/A/libvDSP.dylib
0x0000000006c8c000 	/System/Library/Frameworks/Accelerate.framework/Versions/A/Frameworks/vecLib.framework/Versions/A/libvMisc.dylib
0x0000000006c8c000 	/System/Library/Frameworks/Accelerate.framework/Versions/A/Frameworks/vecLib.framework/Versions/A/libLAPACK.dylib
0x0000000006c8c000 	/System/Library/Frameworks/Accelerate.framework/Versions/A/Frameworks/vecLib.framework/Versions/A/libBLAS.dylib
0x0000000006c8c000 	/System/Library/Frameworks/Accelerate.framework/Versions/A/Frameworks/vecLib.framework/Versions/A/libLinearAlgebra.dylib
0x0000000006c8c000 	/System/Library/Frameworks/ApplicationServices.framework/Versions/A/Frameworks/ATS.framework/Versions/A/Resources/libFontParser.dylib
0x0000000006c8c000 	/System/Library/Frameworks/ApplicationServices.framework/Versions/A/Frameworks/ATS.framework/Versions/A/Resources/libFontRegistry.dylib
0x0000000006c8c000 	/System/Library/PrivateFrameworks/AppleVPA.framework/Versions/A/AppleVPA
0x0000000006c8c000 	/System/Library/PrivateFrameworks/AppleJPEG.framework/Versions/A/AppleJPEG
0x0000000006c8c000 	/System/Library/Frameworks/ImageIO.framework/Versions/A/Resources/libJPEG.dylib
0x0000000006c8c000 	/System/Library/Frameworks/ImageIO.framework/Versions/A/Resources/libTIFF.dylib
0x0000000006c8c000 	/System/Library/Frameworks/ImageIO.framework/Versions/A/Resources/libPng.dylib
0x0000000006c8c000 	/System/Library/Frameworks/ImageIO.framework/Versions/A/Resources/libGIF.dylib
0x0000000006c8c000 	/System/Library/Frameworks/ImageIO.framework/Versions/A/Resources/libJP2.dylib
0x0000000006c8c000 	/System/Library/Frameworks/ImageIO.framework/Versions/A/Resources/libRadiance.dylib
0x0000000006c8c000 	/System/Library/Frameworks/CoreVideo.framework/Versions/A/CoreVideo
0x0000000006c8c000 	/System/Library/Frameworks/OpenGL.framework/Versions/A/Libraries/libGLU.dylib
0x0000000006c8c000 	/System/Library/Frameworks/OpenGL.framework/Versions/A/Libraries/libGFXShared.dylib
0x0000000006c8c000 	/System/Library/Frameworks/OpenGL.framework/Versions/A/Libraries/libGL.dylib
0x0000000006c8c000 	/System/Library/Frameworks/OpenGL.framework/Versions/A/Libraries/libGLImage.dylib
0x0000000006c8c000 	/System/Library/Frameworks/OpenGL.framework/Versions/A/Libraries/libCVMSPluginSupport.dylib
0x0000000006c8c000 	/System/Library/Frameworks/OpenGL.framework/Versions/A/Libraries/libCoreVMClient.dylib
0x0000000006c8c000 	/usr/lib/libcups.2.dylib
0x0000000006c8c000 	/System/Library/Frameworks/Kerberos.framework/Versions/A/Kerberos
0x0000000006c8c000 	/System/Library/Frameworks/GSS.framework/Versions/A/GSS
0x0000000006c8c000 	/usr/lib/libresolv.9.dylib
0x0000000006c8c000 	/System/Library/PrivateFrameworks/Heimdal.framework/Versions/A/Heimdal
0x0000000006c8c000 	/usr/lib/libheimdal-asn1.dylib
0x0000000006c8c000 	/System/Library/Frameworks/OpenDirectory.framework/Versions/A/OpenDirectory
0x0000000006c8c000 	/System/Library/PrivateFrameworks/CommonAuth.framework/Versions/A/CommonAuth
0x0000000006c8c000 	/System/Library/Frameworks/SecurityFoundation.framework/Versions/A/SecurityFoundation
0x0000000006c8c000 	/System/Library/Frameworks/QuartzCore.framework/Versions/A/Frameworks/CoreImage.framework/Versions/A/CoreImage
0x0000000006c8c000 	/System/Library/PrivateFrameworks/CrashReporterSupport.framework/Versions/A/CrashReporterSupport
0x0000000006c8c000 	/System/Library/Frameworks/OpenCL.framework/Versions/A/OpenCL
0x0000000006c8c000 	/System/Library/PrivateFrameworks/FaceCore.framework/Versions/A/FaceCore
0x0000000006c8c000 	/System/Library/PrivateFrameworks/Ubiquity.framework/Versions/A/Ubiquity
0x0000000006c8c000 	/System/Library/PrivateFrameworks/IconServices.framework/Versions/A/IconServices
0x0000000006c8c000 	/System/Library/PrivateFrameworks/ChunkingLibrary.framework/Versions/A/ChunkingLibrary
0x0000000006c8c000 	/System/Library/PrivateFrameworks/Apple80211.framework/Versions/A/Apple80211
0x0000000006c8c000 	/System/Library/Frameworks/CoreWLAN.framework/Versions/A/CoreWLAN
0x0000000006c8c000 	/System/Library/Frameworks/IOBluetooth.framework/Versions/A/IOBluetooth
0x0000000006c8c000 	/System/Library/PrivateFrameworks/CoreWiFi.framework/Versions/A/CoreWiFi
0x0000000006c8c000 	/System/Library/Frameworks/CoreBluetooth.framework/Versions/A/CoreBluetooth
0x0000000006c8c000 	/System/Library/PrivateFrameworks/DebugSymbols.framework/Versions/A/DebugSymbols
0x0000000006c8c000 	/System/Library/PrivateFrameworks/CoreSymbolication.framework/Versions/A/CoreSymbolication
0x0000000006c8c000 	/System/Library/PrivateFrameworks/Symbolication.framework/Versions/A/Symbolication
0x0000000006c8c000 	/System/Library/PrivateFrameworks/SpeechRecognitionCore.framework/Versions/A/SpeechRecognitionCore
0x0000000109600000 	/Library/Java/JavaVirtualMachines/jdk1.8.0_25.jdk/Contents/Home/jre/lib/server/libjvm.dylib
0x0000000006c8c000 	/usr/lib/libstdc++.6.dylib
0x00000001085d6000 	/Library/Java/JavaVirtualMachines/jdk1.8.0_25.jdk/Contents/Home/jre/lib/libverify.dylib
0x000000010a51c000 	/Library/Java/JavaVirtualMachines/jdk1.8.0_25.jdk/Contents/Home/jre/lib/libjava.dylib
0x00000001085ee000 	/Library/Java/JavaVirtualMachines/jdk1.8.0_25.jdk/Contents/Home/jre/lib/libzip.dylib
0x0000000121650000 	/System/Library/Frameworks/JavaVM.framework/Frameworks/JavaRuntimeSupport.framework/JavaRuntimeSupport
0x0000000121666000 	/System/Library/Frameworks/JavaVM.framework/Versions/A/Frameworks/JavaNativeFoundation.framework/Versions/A/JavaNativeFoundation
0x000000012167a000 	/System/Library/Frameworks/JavaVM.framework/Versions/A/JavaVM
0x0000000006c8c000 	/System/Library/Frameworks/Carbon.framework/Versions/A/Carbon
0x0000000121686000 	/System/Library/PrivateFrameworks/JavaLaunching.framework/Versions/A/JavaLaunching
0x0000000006c8c000 	/System/Library/Frameworks/Carbon.framework/Versions/A/Frameworks/CommonPanels.framework/Versions/A/CommonPanels
0x0000000006c8c000 	/System/Library/Frameworks/Carbon.framework/Versions/A/Frameworks/Help.framework/Versions/A/Help
0x0000000006c8c000 	/System/Library/Frameworks/Carbon.framework/Versions/A/Frameworks/ImageCapture.framework/Versions/A/ImageCapture
0x0000000006c8c000 	/System/Library/Frameworks/Carbon.framework/Versions/A/Frameworks/OpenScripting.framework/Versions/A/OpenScripting
0x0000000006c8c000 	/System/Library/Frameworks/Carbon.framework/Versions/A/Frameworks/Print.framework/Versions/A/Print
0x0000000006c8c000 	/System/Library/Frameworks/Carbon.framework/Versions/A/Frameworks/SecurityHI.framework/Versions/A/SecurityHI
0x00000001237be000 	/Library/Java/JavaVirtualMachines/jdk1.8.0_25.jdk/Contents/Home/jre/lib/libprism_es2.dylib
0x0000000006c8c000 	/System/Library/Frameworks/OpenGL.framework/Versions/A/Resources/GLEngine.bundle/GLEngine
0x0000000006c8c000 	/System/Library/Frameworks/OpenGL.framework/Versions/A/Libraries/libGLProgrammability.dylib
0x0000000000000000 	/System/Library/Extensions/AppleIntelHD4000GraphicsGLDriver.bundle/Contents/MacOS/AppleIntelHD4000GraphicsGLDriver
0x0000000006c8c000 	/System/Library/PrivateFrameworks/IOAccelerator.framework/Versions/A/IOAccelerator
0x0000000006c8c000 	/System/Library/PrivateFrameworks/GPUSupport.framework/Versions/A/Libraries/libGPUSupportMercury.dylib
0x0000000000000000 	/System/Library/Extensions/GeForceGLDriver.bundle/Contents/MacOS/GeForceGLDriver
0x0000000006c8c000 	/System/Library/Extensions/GeForceGLDriver.bundle/Contents/MacOS/libclh.dylib
0x0000000006c8c000 	/System/Library/Frameworks/OpenGL.framework/Versions/A/Resources/GLRendererFloat.bundle/GLRendererFloat
0x0000000006c8c000 	/System/Library/Frameworks/OpenCL.framework/Versions/A/Libraries/libcldcpuengine.dylib
0x0000000006c8c000 	/System/Library/PrivateFrameworks/DiskImages.framework/Versions/A/DiskImages
0x0000000006c8c000 	/System/Library/Frameworks/DiscRecording.framework/Versions/A/DiscRecording
0x0000000006c8c000 	/usr/lib/libcsfde.dylib
0x0000000006c8c000 	/usr/lib/libcurl.4.dylib
0x0000000006c8c000 	/System/Library/PrivateFrameworks/MediaKit.framework/Versions/A/MediaKit
0x0000000006c8c000 	/System/Library/PrivateFrameworks/ProtectedCloudStorage.framework/Versions/A/ProtectedCloudStorage
0x0000000006c8c000 	/usr/lib/libCoreStorage.dylib
0x0000000006c8c000 	/System/Library/PrivateFrameworks/EFILogin.framework/Versions/A/EFILogin
0x0000000006c8c000 	/usr/lib/libutil.dylib
0x0000000006c8c000 	/System/Library/PrivateFrameworks/FindMyDevice.framework/Versions/A/FindMyDevice
0x0000000006c8c000 	/System/Library/Frameworks/LDAP.framework/Versions/A/LDAP
0x0000000006c8c000 	/usr/lib/libsasl2.2.dylib
0x0000000006c8c000 	/System/Library/PrivateFrameworks/CoreDaemon.framework/Versions/B/CoreDaemon
0x0000000006c8c000 	/usr/lib/libcrypto.0.9.8.dylib
0x0000000006c8c000 	/System/Library/PrivateFrameworks/AppleSRP.framework/Versions/A/AppleSRP
0x0000000006c8c000 	/System/Library/PrivateFrameworks/TrustEvaluationAgent.framework/Versions/A/TrustEvaluationAgent
0x0000000123ea7000 	/Library/Java/JavaVirtualMachines/jdk1.8.0_25.jdk/Contents/Home/jre/lib/libglass.dylib
0x0000000006c8c000 	/System/Library/PrivateFrameworks/CoreServicesInternal.framework/Versions/A/CoreServicesInternal
0x0000000006c8c000 	/System/Library/PrivateFrameworks/CloudDocs.framework/Versions/A/CloudDocs
0x0000000006c8c000 	/System/Library/PrivateFrameworks/CoreDuet.framework/Versions/A/CoreDuet
0x0000000006c8c000 	/System/Library/Frameworks/CloudKit.framework/Versions/A/CloudKit
0x0000000006c8c000 	/System/Library/PrivateFrameworks/ProtocolBuffer.framework/Versions/A/ProtocolBuffer
0x0000000006c8c000 	/System/Library/PrivateFrameworks/CoreDuetDaemonProtocol.framework/Versions/A/CoreDuetDaemonProtocol
0x0000000006c8c000 	/System/Library/PrivateFrameworks/CoreDuetDebugLogging.framework/Versions/A/CoreDuetDebugLogging
0x0000000006c8c000 	/System/Library/Frameworks/CoreLocation.framework/Versions/A/CoreLocation
0x0000000006c8c000 	/System/Library/Frameworks/Accounts.framework/Versions/A/Accounts
0x0000000006c8c000 	/System/Library/PrivateFrameworks/ApplePushService.framework/Versions/A/ApplePushService
0x0000000006c8c000 	/System/Library/PrivateFrameworks/GeoServices.framework/Versions/A/GeoServices
0x0000000006c8c000 	/System/Library/PrivateFrameworks/OAuth.framework/Versions/A/OAuth
0x0000000006c8c000 	/System/Library/Frameworks/CoreGraphics.framework/Versions/A/Resources/libCGCMS.A.dylib
0x0000000006c8c000 	/System/Library/CoreServices/RawCamera.bundle/Contents/MacOS/RawCamera
0x0000000006c8c000 	/System/Library/Frameworks/CoreGraphics.framework/Versions/A/Resources/libRIP.A.dylib
0x0000000006c8c000 	/System/Library/PrivateFrameworks/FamilyControls.framework/Versions/A/FamilyControls
0x0000000006c8c000 	/System/Library/PrivateFrameworks/CommerceKit.framework/Versions/A/Frameworks/CommerceCore.framework/Versions/A/CommerceCore
0x0000000006c8c000 	/System/Library/PrivateFrameworks/SystemAdministration.framework/Versions/A/SystemAdministration
0x0000000006c8c000 	/System/Library/PrivateFrameworks/AppContainer.framework/Versions/A/AppContainer
0x0000000006c8c000 	/System/Library/PrivateFrameworks/SecCodeWrapper.framework/Versions/A/SecCodeWrapper
0x0000000006c8c000 	/System/Library/Frameworks/DirectoryService.framework/Versions/A/DirectoryService
0x0000000006c8c000 	/System/Library/PrivateFrameworks/LoginUIKit.framework/Versions/A/Frameworks/LoginUICore.framework/Versions/A/LoginUICore
0x0000000006c8c000 	/usr/lib/libodfde.dylib
0x0000000127f10000 	/Library/Java/JavaVirtualMachines/jdk1.8.0_25.jdk/Contents/Home/jre/lib/libnet.dylib
0x0000000127fa8000 	/Library/Java/JavaVirtualMachines/jdk1.8.0_25.jdk/Contents/Home/jre/lib/libawt.dylib
0x0000000128057000 	/Library/Java/JavaVirtualMachines/jdk1.8.0_25.jdk/Contents/Home/jre/lib/./libmlib_image.dylib
0x0000000128123000 	/Library/Java/JavaVirtualMachines/jdk1.8.0_25.jdk/Contents/Home/jre/lib/libawt_lwawt.dylib
0x00000001281d6000 	/Library/Java/JavaVirtualMachines/jdk1.8.0_25.jdk/Contents/Home/jre/lib/./libosxapp.dylib
0x0000000006c8c000 	/System/Library/Frameworks/ExceptionHandling.framework/Versions/A/ExceptionHandling
0x0000000128340000 	/Library/Java/JavaVirtualMachines/jdk1.8.0_25.jdk/Contents/Home/jre/lib/libfontmanager.dylib
0x00000001283a7000 	/Library/Java/JavaVirtualMachines/jdk1.8.0_25.jdk/Contents/Home/jre/lib/libosxui.dylib
0x000000012ab01000 	/Library/Java/JavaVirtualMachines/jdk1.8.0_25.jdk/Contents/Home/jre/lib/libjavafx_font.dylib
0x0000000006c8c000 	/System/Library/Frameworks/CoreGraphics.framework/Versions/A/Resources/libCGXType.A.dylib
0x000000012ab45000 	/Library/Java/JavaVirtualMachines/jdk1.8.0_25.jdk/Contents/Home/jre/lib/libnio.dylib
0x0000000006c8c000 	/System/Library/Frameworks/ApplicationServices.framework/Versions/A/Frameworks/ATS.framework/Versions/A/Resources/libTrueTypeScaler.dylib
0x000000013131a000 	cl_kernels
0x000000013131c000 	/System/Library/Frameworks/OpenCL.framework/Versions/A/Libraries/ImageFormats/unorm8_bgra.dylib
0x0000000131306000 	cl_kernels
0x0000000131308000 	/Library/Java/JavaVirtualMachines/jdk1.8.0_25.jdk/Contents/Home/jre/lib/libprism_common.dylib

VM Arguments:
jvm_args: -Dfile.encoding=UTF-8 
java_command: controller.MyController
java_class_path (initial): /Users/charlesmariller/Documents/ECE/ING4/Java avance/traceroute/Traceroute/lib/gs-algo-1.2:/Users/charlesmariller/Documents/ECE/ING4/Java avance/traceroute/Traceroute/lib/gs-core-1.2:/Users/charlesmariller/Documents/ECE/ING4/Java avance/traceroute/Traceroute/lib/gs-ui-1.2:/Users/charlesmariller/Documents/ECE/ING4/Java avance/traceroute/Traceroute/lib/gs-algo-1.2/gs-algo-1.2.jar:/Users/charlesmariller/Documents/ECE/ING4/Java avance/traceroute/Traceroute/lib/gs-ui-1.2/gs-ui-1.2.jar:/Users/charlesmariller/Documents/ECE/ING4/Java avance/traceroute/Traceroute/lib/gs-core-1.2/gs-core-1.2.jar:/Users/charlesmariller/Documents/ECE/ING4/Java avance/traceroute/Traceroute/build/classes
Launcher Type: SUN_STANDARD

Environment Variables:
PATH=/usr/bin:/bin:/usr/sbin:/sbin
LD_LIBRARY_PATH=/Library/Java/JavaVirtualMachines/jdk1.8.0_25.jdk/Contents/Home/jre/lib/amd64:/Library/Java/JavaVirtualMachines/jdk1.8.0_25.jdk/Contents/Home/jre/lib/i386:
SHELL=/bin/bash
DYLD_LIBRARY_PATH=/Applications/NetBeans/NetBeans 8.0.2.app/Contents/Resources/NetBeans/webcommon/bin:

Signal Handlers:
SIGSEGV: [libjvm.dylib+0x579dc7], sa_mask[0]=11111111011111110111111111111111, sa_flags=SA_ONSTACK|SA_RESTART|SA_SIGINFO
SIGBUS: [libjvm.dylib+0x579dc7], sa_mask[0]=11111111011111110111111111111111, sa_flags=SA_RESTART|SA_SIGINFO
SIGFPE: [libjvm.dylib+0x45b030], sa_mask[0]=11111111011111110111111111111111, sa_flags=SA_RESTART|SA_SIGINFO
SIGPIPE: [libjvm.dylib+0x45b030], sa_mask[0]=11111111011111110111111111111111, sa_flags=SA_RESTART|SA_SIGINFO
SIGXFSZ: [libjvm.dylib+0x45b030], sa_mask[0]=11111111011111110111111111111111, sa_flags=SA_RESTART|SA_SIGINFO
SIGILL: [libjvm.dylib+0x45b030], sa_mask[0]=11111111011111110111111111111111, sa_flags=SA_RESTART|SA_SIGINFO
SIGUSR1: SIG_DFL, sa_mask[0]=00000000000000000000000000000000, sa_flags=none
SIGUSR2: [libjvm.dylib+0x45ab4e], sa_mask[0]=00100000000000000000000000000000, sa_flags=SA_RESTART|SA_SIGINFO
SIGHUP: [libjvm.dylib+0x459121], sa_mask[0]=11111111011111110111111111111111, sa_flags=SA_RESTART|SA_SIGINFO
SIGINT: SIG_IGN, sa_mask[0]=00000000000000000000000000000000, sa_flags=none
SIGTERM: [libjvm.dylib+0x459121], sa_mask[0]=11111111011111110111111111111111, sa_flags=SA_RESTART|SA_SIGINFO
SIGQUIT: [libjvm.dylib+0x459121], sa_mask[0]=11111111011111110111111111111111, sa_flags=SA_RESTART|SA_SIGINFO


---------------  S Y S T E M  ---------------

OS:Bsduname:Darwin 14.0.0 Darwin Kernel Version 14.0.0: Fri Sep 19 00:26:44 PDT 2014; root:xnu-2782.1.97~2/RELEASE_X86_64 x86_64
rlimit: STACK 8192k, CORE 0k, NPROC 709, NOFILE 10240, AS infinity
load average:1.53 1.59 1.54

CPU:total 8 (4 cores per cpu, 2 threads per core) family 6 model 58 stepping 9, cmov, cx8, fxsr, mmx, sse, sse2, sse3, ssse3, sse4.1, sse4.2, popcnt, avx, aes, clmul, erms, ht, tsc, tscinvbit, tscinv

Memory: 4k page, physical 8388608k(48120k free)

/proc/meminfo:


vm_info: Java HotSpot(TM) 64-Bit Server VM (25.25-b02) for bsd-amd64 JRE (1.8.0_25-b17), built on Sep 17 2014 16:56:50 by "java_re" with gcc 4.2.1 (Based on Apple Inc. build 5658) (LLVM build 2336.11.00)

time: Mon Feb  2 19:51:05 2015
elapsed time: 2 seconds (0d 0h 0m 2s)

